[2020-04-17 18:54:06] ormLogger.INFO: Select * from version_ver [] []
[2020-04-17 18:54:06] ormLogger.INFO: Select * from version_ver [] []
[2020-04-18 03:05:58] ormLogger.INFO: Select * from version_ver [] []
[2020-04-18 03:05:58] ormLogger.INFO: Select * from version_ver [] []
[2020-04-18 03:05:58] ormLogger.INFO: Select * from version_ver [] []
[2020-04-18 03:05:58] ormLogger.INFO: Select * from version_ver [] []
[2020-04-18 03:05:58] ormLogger.INFO: Select * from version_ver [] []
[2020-04-18 03:05:58] ormLogger.INFO: Select * from version_ver [] []
[2020-04-18 03:05:58] ormLogger.INFO: Select * from version_ver [] []
[2020-04-18 03:05:59] ormLogger.INFO: Select * from version_ver [] []
[2020-04-18 03:05:59] ormLogger.INFO: Select * from version_ver [] []
[2020-04-18 03:06:08] ormLogger.INFO: Select * from version_ver [] []
[2020-04-18 03:06:08] ormLogger.INFO: Select * from version_ver [] []
[2020-04-18 03:06:08] ormLogger.INFO: Select * from version_ver [] []
[2020-04-18 03:06:08] ormLogger.INFO: Select * from version_ver [] []
[2020-04-18 03:06:08] ormLogger.INFO: Select * from version_ver [] []
[2020-04-18 03:06:08] ormLogger.INFO: Select * from version_ver [] []
[2020-04-18 03:06:08] ormLogger.INFO: Select * from version_ver [] []
[2020-04-18 03:06:08] ormLogger.INFO: Select * from version_ver [] []
[2020-04-18 03:06:08] ormLogger.INFO: Select * from version_ver [] []
[2020-04-18 03:06:08] ormLogger.INFO: Select * from version_ver [] []
[2020-04-18 03:06:08] ormLogger.INFO: Select * from version_ver [] []
[2020-04-18 03:06:08] ormLogger.INFO: Select * from version_ver [] []
[2020-04-18 03:06:08] ormLogger.INFO: Select * from version_ver [] []
[2020-04-18 03:06:08] ormLogger.INFO: Select * from version_ver [] []
[2020-04-18 03:06:08] ormLogger.INFO: Select * from version_ver [] []
[2020-04-18 03:06:08] ormLogger.INFO: Select * from version_ver [] []
[2020-04-18 03:06:08] ormLogger.INFO: Select * from version_ver [] []
[2020-04-18 03:06:08] ormLogger.INFO: Select * from version_ver [] []
[2020-04-18 03:06:08] ormLogger.INFO: Select * from version_ver [] []
[2020-04-18 03:06:08] ormLogger.INFO: Select * from version_ver [] []
[2020-04-18 03:06:08] ormLogger.INFO: Select * from version_ver [] []
[2020-04-18 03:06:08] ormLogger.INFO: Select * from version_ver [] []
[2020-04-18 03:06:08] ormLogger.INFO: Select * from version_ver [] []
[2020-04-18 03:06:08] ormLogger.INFO: Select * from version_ver [] []
[2020-04-18 03:06:08] ormLogger.INFO: DROP VIEW IF EXISTS email_list [] []
[2020-04-18 03:06:08] ormLogger.INFO: CREATE VIEW email_list AS SELECT fam_Email AS email, 'family' AS type, fam_id AS id FROM family_fam WHERE fam_email IS NOT NULL AND fam_email != '' UNION SELECT per_email AS email, 'person_home' AS type, per_id AS id FROM person_per WHERE per_email IS NOT NULL AND per_email != '' UNION SELECT per_WorkEmail AS email, 'person_work' AS type, per_id AS id FROM person_per WHERE per_WorkEmail IS NOT NULL AND per_WorkEmail != '' [] []
[2020-04-18 03:06:08] ormLogger.INFO: DROP VIEW IF EXISTS email_count [] []
[2020-04-18 03:06:08] ormLogger.INFO: CREATE VIEW email_count AS SELECT email, COUNT(*) AS total FROM email_list group by email [] []
[2020-04-18 03:06:08] ormLogger.INFO: Select * from version_ver [] []
[2020-04-18 03:06:08] ormLogger.INFO: Select * from version_ver [] []
[2020-04-18 03:06:08] ormLogger.INFO: Select * from version_ver [] []
[2020-04-18 03:06:08] ormLogger.INFO: Select * from version_ver [] []
[2020-04-18 03:06:08] ormLogger.INFO: Select * from version_ver [] []
[2020-04-18 03:06:08] ormLogger.INFO: Select * from version_ver [] []
[2020-04-18 03:06:08] ormLogger.INFO: Select * from version_ver [] []
[2020-04-18 03:06:09] ormLogger.INFO: Select * from version_ver [] []
[2020-04-18 03:06:09] ormLogger.INFO: Select * from version_ver [] []
[2020-04-18 03:06:17] ormLogger.INFO: Select * from version_ver [] []
[2020-04-18 03:06:17] ormLogger.INFO: Select * from version_ver [] []
[2020-04-18 03:06:17] ormLogger.INFO: Select * from version_ver [] []
[2020-04-18 03:06:17] ormLogger.INFO: Select * from version_ver [] []
[2020-04-18 03:06:17] ormLogger.INFO: Select * from version_ver [] []
[2020-04-18 03:06:17] ormLogger.INFO: Select * from version_ver [] []
[2020-04-18 03:06:17] ormLogger.INFO: Select * from version_ver [] []
[2020-04-18 03:06:17] ormLogger.INFO: Select * from version_ver [] []
[2020-04-18 03:06:17] ormLogger.INFO: Select * from version_ver [] []
[2020-04-18 03:06:17] ormLogger.INFO: Select * from version_ver [] []
[2020-04-18 03:06:17] ormLogger.INFO: Select * from version_ver [] []
[2020-04-18 03:06:17] ormLogger.INFO: Select * from version_ver [] []
[2020-04-18 03:06:17] ormLogger.INFO: Select * from version_ver [] []
[2020-04-18 03:06:17] ormLogger.INFO: Select * from version_ver [] []
[2020-04-18 03:06:17] ormLogger.INFO: Select * from version_ver [] []
[2020-04-18 03:06:17] ormLogger.INFO: Select * from version_ver [] []
[2020-04-18 03:06:17] ormLogger.INFO: Select * from version_ver [] []
[2020-04-18 03:06:17] ormLogger.INFO: Select * from version_ver [] []
[2020-04-18 03:06:17] ormLogger.INFO: Select * from version_ver [] []
[2020-04-18 03:06:17] ormLogger.INFO: Select * from version_ver [] []
[2020-04-18 03:06:17] ormLogger.INFO: Select * from version_ver [] []
[2020-04-18 03:06:17] ormLogger.INFO: Select * from version_ver [] []
[2020-04-18 03:06:17] ormLogger.INFO: Select * from version_ver [] []
[2020-04-18 03:06:17] ormLogger.INFO: Select * from version_ver [] []
[2020-04-18 03:06:17] ormLogger.INFO: DROP VIEW IF EXISTS email_list [] []
[2020-04-18 03:06:17] ormLogger.INFO: CREATE VIEW email_list AS SELECT fam_Email AS email, 'family' AS type, fam_id AS id FROM family_fam WHERE fam_email IS NOT NULL AND fam_email != '' UNION SELECT per_email AS email, 'person_home' AS type, per_id AS id FROM person_per WHERE per_email IS NOT NULL AND per_email != '' UNION SELECT per_WorkEmail AS email, 'person_work' AS type, per_id AS id FROM person_per WHERE per_WorkEmail IS NOT NULL AND per_WorkEmail != '' [] []
[2020-04-18 03:06:17] ormLogger.INFO: DROP VIEW IF EXISTS email_count [] []
[2020-04-18 03:06:17] ormLogger.INFO: CREATE VIEW email_count AS SELECT email, COUNT(*) AS total FROM email_list group by email [] []
[2020-04-18 03:06:17] ormLogger.INFO: Select * from version_ver [] []
[2020-04-18 03:06:17] ormLogger.INFO: Select * from version_ver [] []
[2020-04-18 03:06:17] ormLogger.INFO: Select * from version_ver [] []
[2020-04-18 03:06:17] ormLogger.INFO: Select * from version_ver [] []
[2020-04-18 03:06:17] ormLogger.INFO: Select * from version_ver [] []
[2020-04-18 03:06:17] ormLogger.INFO: Select * from version_ver [] []
[2020-04-18 03:06:17] ormLogger.INFO: Select * from version_ver [] []
[2020-04-18 03:06:18] ormLogger.INFO: Select * from version_ver [] []
[2020-04-18 03:06:18] ormLogger.INFO: Select * from version_ver [] []
